<?xml version="1.0" encoding="UTF-8"?>
<testsuite xmlns:xsi="http://www.w3.org/2001/XMLSchema-instance" xsi:noNamespaceSchemaLocation="https://maven.apache.org/surefire/maven-surefire-plugin/xsd/surefire-test-report-3.0.xsd" version="3.0" name="com.fakeapistoreapi.tests.cart.CreateCartTest" time="3.045" tests="2" errors="0" skipped="0" failures="0">
  <properties>
    <property name="java.specification.version" value="21"/>
    <property name="sun.jnu.encoding" value="UTF-8"/>
    <property name="java.class.path" value="/home/jenkins/workspace/APITestingWithJenkins/target/test-classes:/home/jenkins/workspace/APITestingWithJenkins/target/classes:/root/.m2/repository/io/rest-assured/rest-assured/5.4.0/rest-assured-5.4.0.jar:/root/.m2/repository/org/apache/groovy/groovy/4.0.16/groovy-4.0.16.jar:/root/.m2/repository/org/apache/groovy/groovy-xml/4.0.16/groovy-xml-4.0.16.jar:/root/.m2/repository/org/apache/httpcomponents/httpclient/4.5.13/httpclient-4.5.13.jar:/root/.m2/repository/org/apache/httpcomponents/httpcore/4.4.13/httpcore-4.4.13.jar:/root/.m2/repository/commons-logging/commons-logging/1.2/commons-logging-1.2.jar:/root/.m2/repository/commons-codec/commons-codec/1.11/commons-codec-1.11.jar:/root/.m2/repository/org/apache/httpcomponents/httpmime/4.5.13/httpmime-4.5.13.jar:/root/.m2/repository/org/hamcrest/hamcrest/2.2/hamcrest-2.2.jar:/root/.m2/repository/org/ccil/cowan/tagsoup/tagsoup/1.2.1/tagsoup-1.2.1.jar:/root/.m2/repository/io/rest-assured/xml-path/5.4.0/xml-path-5.4.0.jar:/root/.m2/repository/org/apache/commons/commons-lang3/3.11/commons-lang3-3.11.jar:/root/.m2/repository/io/rest-assured/json-schema-validator/5.4.0/json-schema-validator-5.4.0.jar:/root/.m2/repository/com/github/java-json-tools/json-schema-validator/2.2.14/json-schema-validator-2.2.14.jar:/root/.m2/repository/com/github/java-json-tools/jackson-coreutils-equivalence/1.0/jackson-coreutils-equivalence-1.0.jar:/root/.m2/repository/com/github/java-json-tools/jackson-coreutils/2.0/jackson-coreutils-2.0.jar:/root/.m2/repository/com/github/java-json-tools/msg-simple/1.2/msg-simple-1.2.jar:/root/.m2/repository/com/github/java-json-tools/btf/1.3/btf-1.3.jar:/root/.m2/repository/com/github/java-json-tools/json-schema-core/1.2.14/json-schema-core-1.2.14.jar:/root/.m2/repository/com/github/java-json-tools/uri-template/0.10/uri-template-0.10.jar:/root/.m2/repository/org/mozilla/rhino/1.7.7.2/rhino-1.7.7.2.jar:/root/.m2/repository/com/sun/mail/mailapi/1.6.2/mailapi-1.6.2.jar:/root/.m2/repository/joda-time/joda-time/2.10.5/joda-time-2.10.5.jar:/root/.m2/repository/com/googlecode/libphonenumber/libphonenumber/8.11.1/libphonenumber-8.11.1.jar:/root/.m2/repository/com/google/code/findbugs/jsr305/3.0.2/jsr305-3.0.2.jar:/root/.m2/repository/net/sf/jopt-simple/jopt-simple/5.0.4/jopt-simple-5.0.4.jar:/root/.m2/repository/com/google/guava/guava/32.0.1-jre/guava-32.0.1-jre.jar:/root/.m2/repository/com/google/guava/failureaccess/1.0.1/failureaccess-1.0.1.jar:/root/.m2/repository/com/google/guava/listenablefuture/9999.0-empty-to-avoid-conflict-with-guava/listenablefuture-9999.0-empty-to-avoid-conflict-with-guava.jar:/root/.m2/repository/org/checkerframework/checker-qual/3.33.0/checker-qual-3.33.0.jar:/root/.m2/repository/com/google/errorprone/error_prone_annotations/2.18.0/error_prone_annotations-2.18.0.jar:/root/.m2/repository/com/google/j2objc/j2objc-annotations/2.8/j2objc-annotations-2.8.jar:/root/.m2/repository/io/rest-assured/json-path/5.4.0/json-path-5.4.0.jar:/root/.m2/repository/org/apache/groovy/groovy-json/4.0.16/groovy-json-4.0.16.jar:/root/.m2/repository/io/rest-assured/rest-assured-common/5.4.0/rest-assured-common-5.4.0.jar:/root/.m2/repository/org/junit/jupiter/junit-jupiter/5.10.2/junit-jupiter-5.10.2.jar:/root/.m2/repository/org/junit/jupiter/junit-jupiter-api/5.10.2/junit-jupiter-api-5.10.2.jar:/root/.m2/repository/org/opentest4j/opentest4j/1.3.0/opentest4j-1.3.0.jar:/root/.m2/repository/org/junit/platform/junit-platform-commons/1.10.2/junit-platform-commons-1.10.2.jar:/root/.m2/repository/org/apiguardian/apiguardian-api/1.1.2/apiguardian-api-1.1.2.jar:/root/.m2/repository/org/junit/jupiter/junit-jupiter-params/5.10.2/junit-jupiter-params-5.10.2.jar:/root/.m2/repository/org/junit/jupiter/junit-jupiter-engine/5.10.2/junit-jupiter-engine-5.10.2.jar:/root/.m2/repository/org/junit/platform/junit-platform-engine/1.10.2/junit-platform-engine-1.10.2.jar:/root/.m2/repository/io/qameta/allure/allure-junit5/2.24.0/allure-junit5-2.24.0.jar:/root/.m2/repository/io/qameta/allure/allure-junit-platform/2.24.0/allure-junit-platform-2.24.0.jar:/root/.m2/repository/io/qameta/allure/allure-java-commons/2.24.0/allure-java-commons-2.24.0.jar:/root/.m2/repository/io/qameta/allure/allure-model/2.24.0/allure-model-2.24.0.jar:/root/.m2/repository/io/qameta/allure/allure-test-filter/2.24.0/allure-test-filter-2.24.0.jar:/root/.m2/repository/org/junit/platform/junit-platform-launcher/1.9.2/junit-platform-launcher-1.9.2.jar:/root/.m2/repository/io/qameta/allure/allure-rest-assured/2.24.0/allure-rest-assured-2.24.0.jar:/root/.m2/repository/io/qameta/allure/allure-attachments/2.24.0/allure-attachments-2.24.0.jar:/root/.m2/repository/org/freemarker/freemarker/2.3.31/freemarker-2.3.31.jar:/root/.m2/repository/org/aspectj/aspectjweaver/1.9.22.1/aspectjweaver-1.9.22.1.jar:/root/.m2/repository/org/assertj/assertj-core/3.25.3/assertj-core-3.25.3.jar:/root/.m2/repository/net/bytebuddy/byte-buddy/1.14.11/byte-buddy-1.14.11.jar:/root/.m2/repository/com/fasterxml/jackson/core/jackson-databind/2.16.2/jackson-databind-2.16.2.jar:/root/.m2/repository/com/fasterxml/jackson/core/jackson-annotations/2.16.2/jackson-annotations-2.16.2.jar:/root/.m2/repository/com/fasterxml/jackson/core/jackson-core/2.16.2/jackson-core-2.16.2.jar:/root/.m2/repository/com/fasterxml/jackson/datatype/jackson-datatype-jsr310/2.16.2/jackson-datatype-jsr310-2.16.2.jar:/root/.m2/repository/org/slf4j/slf4j-simple/2.0.12/slf4j-simple-2.0.12.jar:/root/.m2/repository/org/slf4j/slf4j-api/2.0.12/slf4j-api-2.0.12.jar:"/>
    <property name="java.vm.vendor" value="Ubuntu"/>
    <property name="sun.arch.data.model" value="64"/>
    <property name="java.vendor.url" value="https://ubuntu.com/"/>
    <property name="user.timezone" value="Europe/London"/>
    <property name="os.name" value="Linux"/>
    <property name="java.vm.specification.version" value="21"/>
    <property name="sun.java.launcher" value="SUN_STANDARD"/>
    <property name="sun.boot.library.path" value="/usr/lib/jvm/java-21-openjdk-amd64/lib"/>
    <property name="sun.java.command" value="/home/jenkins/workspace/APITestingWithJenkins/target/surefire/surefirebooter-20250815141931192_3.jar /home/jenkins/workspace/APITestingWithJenkins/target/surefire 2025-08-15T14-19-31_034-jvmRun1 surefire-20250815141931192_1tmp surefire_0-20250815141931192_2tmp"/>
    <property name="jdk.debug" value="release"/>
    <property name="surefire.test.class.path" value="/home/jenkins/workspace/APITestingWithJenkins/target/test-classes:/home/jenkins/workspace/APITestingWithJenkins/target/classes:/root/.m2/repository/io/rest-assured/rest-assured/5.4.0/rest-assured-5.4.0.jar:/root/.m2/repository/org/apache/groovy/groovy/4.0.16/groovy-4.0.16.jar:/root/.m2/repository/org/apache/groovy/groovy-xml/4.0.16/groovy-xml-4.0.16.jar:/root/.m2/repository/org/apache/httpcomponents/httpclient/4.5.13/httpclient-4.5.13.jar:/root/.m2/repository/org/apache/httpcomponents/httpcore/4.4.13/httpcore-4.4.13.jar:/root/.m2/repository/commons-logging/commons-logging/1.2/commons-logging-1.2.jar:/root/.m2/repository/commons-codec/commons-codec/1.11/commons-codec-1.11.jar:/root/.m2/repository/org/apache/httpcomponents/httpmime/4.5.13/httpmime-4.5.13.jar:/root/.m2/repository/org/hamcrest/hamcrest/2.2/hamcrest-2.2.jar:/root/.m2/repository/org/ccil/cowan/tagsoup/tagsoup/1.2.1/tagsoup-1.2.1.jar:/root/.m2/repository/io/rest-assured/xml-path/5.4.0/xml-path-5.4.0.jar:/root/.m2/repository/org/apache/commons/commons-lang3/3.11/commons-lang3-3.11.jar:/root/.m2/repository/io/rest-assured/json-schema-validator/5.4.0/json-schema-validator-5.4.0.jar:/root/.m2/repository/com/github/java-json-tools/json-schema-validator/2.2.14/json-schema-validator-2.2.14.jar:/root/.m2/repository/com/github/java-json-tools/jackson-coreutils-equivalence/1.0/jackson-coreutils-equivalence-1.0.jar:/root/.m2/repository/com/github/java-json-tools/jackson-coreutils/2.0/jackson-coreutils-2.0.jar:/root/.m2/repository/com/github/java-json-tools/msg-simple/1.2/msg-simple-1.2.jar:/root/.m2/repository/com/github/java-json-tools/btf/1.3/btf-1.3.jar:/root/.m2/repository/com/github/java-json-tools/json-schema-core/1.2.14/json-schema-core-1.2.14.jar:/root/.m2/repository/com/github/java-json-tools/uri-template/0.10/uri-template-0.10.jar:/root/.m2/repository/org/mozilla/rhino/1.7.7.2/rhino-1.7.7.2.jar:/root/.m2/repository/com/sun/mail/mailapi/1.6.2/mailapi-1.6.2.jar:/root/.m2/repository/joda-time/joda-time/2.10.5/joda-time-2.10.5.jar:/root/.m2/repository/com/googlecode/libphonenumber/libphonenumber/8.11.1/libphonenumber-8.11.1.jar:/root/.m2/repository/com/google/code/findbugs/jsr305/3.0.2/jsr305-3.0.2.jar:/root/.m2/repository/net/sf/jopt-simple/jopt-simple/5.0.4/jopt-simple-5.0.4.jar:/root/.m2/repository/com/google/guava/guava/32.0.1-jre/guava-32.0.1-jre.jar:/root/.m2/repository/com/google/guava/failureaccess/1.0.1/failureaccess-1.0.1.jar:/root/.m2/repository/com/google/guava/listenablefuture/9999.0-empty-to-avoid-conflict-with-guava/listenablefuture-9999.0-empty-to-avoid-conflict-with-guava.jar:/root/.m2/repository/org/checkerframework/checker-qual/3.33.0/checker-qual-3.33.0.jar:/root/.m2/repository/com/google/errorprone/error_prone_annotations/2.18.0/error_prone_annotations-2.18.0.jar:/root/.m2/repository/com/google/j2objc/j2objc-annotations/2.8/j2objc-annotations-2.8.jar:/root/.m2/repository/io/rest-assured/json-path/5.4.0/json-path-5.4.0.jar:/root/.m2/repository/org/apache/groovy/groovy-json/4.0.16/groovy-json-4.0.16.jar:/root/.m2/repository/io/rest-assured/rest-assured-common/5.4.0/rest-assured-common-5.4.0.jar:/root/.m2/repository/org/junit/jupiter/junit-jupiter/5.10.2/junit-jupiter-5.10.2.jar:/root/.m2/repository/org/junit/jupiter/junit-jupiter-api/5.10.2/junit-jupiter-api-5.10.2.jar:/root/.m2/repository/org/opentest4j/opentest4j/1.3.0/opentest4j-1.3.0.jar:/root/.m2/repository/org/junit/platform/junit-platform-commons/1.10.2/junit-platform-commons-1.10.2.jar:/root/.m2/repository/org/apiguardian/apiguardian-api/1.1.2/apiguardian-api-1.1.2.jar:/root/.m2/repository/org/junit/jupiter/junit-jupiter-params/5.10.2/junit-jupiter-params-5.10.2.jar:/root/.m2/repository/org/junit/jupiter/junit-jupiter-engine/5.10.2/junit-jupiter-engine-5.10.2.jar:/root/.m2/repository/org/junit/platform/junit-platform-engine/1.10.2/junit-platform-engine-1.10.2.jar:/root/.m2/repository/io/qameta/allure/allure-junit5/2.24.0/allure-junit5-2.24.0.jar:/root/.m2/repository/io/qameta/allure/allure-junit-platform/2.24.0/allure-junit-platform-2.24.0.jar:/root/.m2/repository/io/qameta/allure/allure-java-commons/2.24.0/allure-java-commons-2.24.0.jar:/root/.m2/repository/io/qameta/allure/allure-model/2.24.0/allure-model-2.24.0.jar:/root/.m2/repository/io/qameta/allure/allure-test-filter/2.24.0/allure-test-filter-2.24.0.jar:/root/.m2/repository/org/junit/platform/junit-platform-launcher/1.9.2/junit-platform-launcher-1.9.2.jar:/root/.m2/repository/io/qameta/allure/allure-rest-assured/2.24.0/allure-rest-assured-2.24.0.jar:/root/.m2/repository/io/qameta/allure/allure-attachments/2.24.0/allure-attachments-2.24.0.jar:/root/.m2/repository/org/freemarker/freemarker/2.3.31/freemarker-2.3.31.jar:/root/.m2/repository/org/aspectj/aspectjweaver/1.9.22.1/aspectjweaver-1.9.22.1.jar:/root/.m2/repository/org/assertj/assertj-core/3.25.3/assertj-core-3.25.3.jar:/root/.m2/repository/net/bytebuddy/byte-buddy/1.14.11/byte-buddy-1.14.11.jar:/root/.m2/repository/com/fasterxml/jackson/core/jackson-databind/2.16.2/jackson-databind-2.16.2.jar:/root/.m2/repository/com/fasterxml/jackson/core/jackson-annotations/2.16.2/jackson-annotations-2.16.2.jar:/root/.m2/repository/com/fasterxml/jackson/core/jackson-core/2.16.2/jackson-core-2.16.2.jar:/root/.m2/repository/com/fasterxml/jackson/datatype/jackson-datatype-jsr310/2.16.2/jackson-datatype-jsr310-2.16.2.jar:/root/.m2/repository/org/slf4j/slf4j-simple/2.0.12/slf4j-simple-2.0.12.jar:/root/.m2/repository/org/slf4j/slf4j-api/2.0.12/slf4j-api-2.0.12.jar:"/>
    <property name="allure.results.directory" value="/home/jenkins/workspace/APITestingWithJenkins/target/allure-results"/>
    <property name="sun.cpu.endian" value="little"/>
    <property name="user.home" value="/root"/>
    <property name="user.language" value="en"/>
    <property name="java.specification.vendor" value="Oracle Corporation"/>
    <property name="java.version.date" value="2025-07-15"/>
    <property name="java.home" value="/usr/lib/jvm/java-21-openjdk-amd64"/>
    <property name="file.separator" value="/"/>
    <property name="basedir" value="/home/jenkins/workspace/APITestingWithJenkins"/>
    <property name="java.vm.compressedOopsMode" value="32-bit"/>
    <property name="line.separator" value="&#10;"/>
    <property name="java.specification.name" value="Java Platform API Specification"/>
    <property name="java.vm.specification.vendor" value="Oracle Corporation"/>
    <property name="surefire.real.class.path" value="/home/jenkins/workspace/APITestingWithJenkins/target/surefire/surefirebooter-20250815141931192_3.jar"/>
    <property name="sun.management.compiler" value="HotSpot 64-Bit Tiered Compilers"/>
    <property name="java.runtime.version" value="21.0.8+9-Ubuntu-0ubuntu124.04.1"/>
    <property name="user.name" value="root"/>
    <property name="stdout.encoding" value="UTF-8"/>
    <property name="path.separator" value=":"/>
    <property name="os.version" value="6.6.87.2-microsoft-standard-WSL2"/>
    <property name="java.runtime.name" value="OpenJDK Runtime Environment"/>
    <property name="file.encoding" value="UTF-8"/>
    <property name="java.vm.name" value="OpenJDK 64-Bit Server VM"/>
    <property name="localRepository" value="/root/.m2/repository"/>
    <property name="java.vendor.url.bug" value="https://bugs.launchpad.net/ubuntu/+source/openjdk-21"/>
    <property name="java.io.tmpdir" value="/tmp"/>
    <property name="java.version" value="21.0.8"/>
    <property name="user.dir" value="/home/jenkins/workspace/APITestingWithJenkins"/>
    <property name="os.arch" value="amd64"/>
    <property name="java.vm.specification.name" value="Java Virtual Machine Specification"/>
    <property name="native.encoding" value="UTF-8"/>
    <property name="java.library.path" value="/usr/java/packages/lib:/usr/lib/x86_64-linux-gnu/jni:/lib/x86_64-linux-gnu:/usr/lib/x86_64-linux-gnu:/usr/lib/jni:/lib:/usr/lib"/>
    <property name="java.vm.info" value="mixed mode, sharing"/>
    <property name="stderr.encoding" value="UTF-8"/>
    <property name="java.vendor" value="Ubuntu"/>
    <property name="java.vm.version" value="21.0.8+9-Ubuntu-0ubuntu124.04.1"/>
    <property name="sun.io.unicode.encoding" value="UnicodeLittle"/>
    <property name="java.class.version" value="65.0"/>
  </properties>
  <testcase name="createCartWithMissingOptionalFields" classname="com.fakeapistoreapi.tests.cart.CreateCartTest" time="1.572">
    <system-out><![CDATA[Request method:	POST
Request URI:	https://fakestoreapi.com/users
Proxy:			<none>
Request params:	<none>
Query params:	<none>
Form params:	<none>
Path params:	<none>
Headers:		Accept=application/json, application/javascript, text/javascript, text/json
				Content-Type=application/json
Cookies:		<none>
Multiparts:		<none>
Body:
{
    "id": 0,
    "email": "john.doe+dc1c27c5@example.com",
    "username": "johndoe_bf1d8844",
    "password": "Password123",
    "name": {
        "firstname": "John",
        "lastname": "Doe"
    },
    "address": {
        "city": "kilcoole",
        "street": "7835 new road",
        "number": 3,
        "zipcode": "12926-3874",
        "geolocation": {
            "lat": "-37.3159",
            "long": "81.1496"
        }
    },
    "phone": "1-570-236-7033"
}
Request method:	POST
Request URI:	https://fakestoreapi.com/users
Proxy:			<none>
Request params:	<none>
Query params:	<none>
Form params:	<none>
Path params:	<none>
Headers:		Accept=application/json, application/javascript, text/javascript, text/json
				Content-Type=application/json
Cookies:		<none>
Multiparts:		<none>
Body:
{
    "id": 0,
    "email": "john.doe+dc1c27c5@example.com",
    "username": "johndoe_bf1d8844",
    "password": "Password123",
    "name": {
        "firstname": "John",
        "lastname": "Doe"
    },
    "address": {
        "city": "kilcoole",
        "street": "7835 new road",
        "number": 3,
        "zipcode": "12926-3874",
        "geolocation": {
            "lat": "-37.3159",
            "long": "81.1496"
        }
    },
    "phone": "1-570-236-7033"
}
Request method:	POST
Request URI:	https://fakestoreapi.com/users
Proxy:			<none>
Request params:	<none>
Query params:	<none>
Form params:	<none>
Path params:	<none>
Headers:		Accept=application/json, application/javascript, text/javascript, text/json
				Content-Type=application/json
Cookies:		<none>
Multiparts:		<none>
Body:
{
    "id": 0,
    "email": "john.doe+dc1c27c5@example.com",
    "username": "johndoe_bf1d8844",
    "password": "Password123",
    "name": {
        "firstname": "John",
        "lastname": "Doe"
    },
    "address": {
        "city": "kilcoole",
        "street": "7835 new road",
        "number": 3,
        "zipcode": "12926-3874",
        "geolocation": {
            "lat": "-37.3159",
            "long": "81.1496"
        }
    },
    "phone": "1-570-236-7033"
}
Request method:	POST
Request URI:	https://fakestoreapi.com/users
Proxy:			<none>
Request params:	<none>
Query params:	<none>
Form params:	<none>
Path params:	<none>
Headers:		Accept=application/json, application/javascript, text/javascript, text/json
				Content-Type=application/json
Cookies:		<none>
Multiparts:		<none>
Body:
{
    "id": 0,
    "email": "john.doe+dc1c27c5@example.com",
    "username": "johndoe_bf1d8844",
    "password": "Password123",
    "name": {
        "firstname": "John",
        "lastname": "Doe"
    },
    "address": {
        "city": "kilcoole",
        "street": "7835 new road",
        "number": 3,
        "zipcode": "12926-3874",
        "geolocation": {
            "lat": "-37.3159",
            "long": "81.1496"
        }
    },
    "phone": "1-570-236-7033"
}
Request method:	POST
Request URI:	https://fakestoreapi.com/users
Proxy:			<none>
Request params:	<none>
Query params:	<none>
Form params:	<none>
Path params:	<none>
Headers:		Accept=application/json, application/javascript, text/javascript, text/json
				Content-Type=application/json
Cookies:		<none>
Multiparts:		<none>
Body:
{
    "id": 0,
    "email": "john.doe+dc1c27c5@example.com",
    "username": "johndoe_bf1d8844",
    "password": "Password123",
    "name": {
        "firstname": "John",
        "lastname": "Doe"
    },
    "address": {
        "city": "kilcoole",
        "street": "7835 new road",
        "number": 3,
        "zipcode": "12926-3874",
        "geolocation": {
            "lat": "-37.3159",
            "long": "81.1496"
        }
    },
    "phone": "1-570-236-7033"
}
Request method:	POST
Request URI:	https://fakestoreapi.com/users
Proxy:			<none>
Request params:	<none>
Query params:	<none>
Form params:	<none>
Path params:	<none>
Headers:		Accept=application/json, application/javascript, text/javascript, text/json
				Content-Type=application/json
Cookies:		<none>
Multiparts:		<none>
Body:
{
    "id": 0,
    "email": "john.doe+dc1c27c5@example.com",
    "username": "johndoe_bf1d8844",
    "password": "Password123",
    "name": {
        "firstname": "John",
        "lastname": "Doe"
    },
    "address": {
        "city": "kilcoole",
        "street": "7835 new road",
        "number": 3,
        "zipcode": "12926-3874",
        "geolocation": {
            "lat": "-37.3159",
            "long": "81.1496"
        }
    },
    "phone": "1-570-236-7033"
}
Request method:	POST
Request URI:	https://fakestoreapi.com/users
Proxy:			<none>
Request params:	<none>
Query params:	<none>
Form params:	<none>
Path params:	<none>
Headers:		Accept=application/json, application/javascript, text/javascript, text/json
				Content-Type=application/json
Cookies:		<none>
Multiparts:		<none>
Body:
{
    "id": 0,
    "email": "john.doe+dc1c27c5@example.com",
    "username": "johndoe_bf1d8844",
    "password": "Password123",
    "name": {
        "firstname": "John",
        "lastname": "Doe"
    },
    "address": {
        "city": "kilcoole",
        "street": "7835 new road",
        "number": 3,
        "zipcode": "12926-3874",
        "geolocation": {
            "lat": "-37.3159",
            "long": "81.1496"
        }
    },
    "phone": "1-570-236-7033"
}
Request method:	POST
Request URI:	https://fakestoreapi.com/carts
Proxy:			<none>
Request params:	<none>
Query params:	<none>
Form params:	<none>
Path params:	<none>
Headers:		Accept=application/json, application/javascript, text/javascript, text/json
				Content-Type=application/json
Cookies:		<none>
Multiparts:		<none>
Body:
{
    "id": 0,
    "userId": 11,
    "date": "2025-08-13",
    "products": [
        
    ]
}
Request method:	POST
Request URI:	https://fakestoreapi.com/carts
Proxy:			<none>
Request params:	<none>
Query params:	<none>
Form params:	<none>
Path params:	<none>
Headers:		Accept=application/json, application/javascript, text/javascript, text/json
				Content-Type=application/json
Cookies:		<none>
Multiparts:		<none>
Body:
{
    "id": 0,
    "userId": 11,
    "date": "2025-08-13",
    "products": [
        
    ]
}
Request method:	POST
Request URI:	https://fakestoreapi.com/carts
Proxy:			<none>
Request params:	<none>
Query params:	<none>
Form params:	<none>
Path params:	<none>
Headers:		Accept=application/json, application/javascript, text/javascript, text/json
				Content-Type=application/json
Cookies:		<none>
Multiparts:		<none>
Body:
{
    "id": 0,
    "userId": 11,
    "date": "2025-08-13",
    "products": [
        
    ]
}
Request method:	POST
Request URI:	https://fakestoreapi.com/carts
Proxy:			<none>
Request params:	<none>
Query params:	<none>
Form params:	<none>
Path params:	<none>
Headers:		Accept=application/json, application/javascript, text/javascript, text/json
				Content-Type=application/json
Cookies:		<none>
Multiparts:		<none>
Body:
{
    "id": 0,
    "userId": 11,
    "date": "2025-08-13",
    "products": [
        
    ]
}
Request method:	POST
Request URI:	https://fakestoreapi.com/carts
Proxy:			<none>
Request params:	<none>
Query params:	<none>
Form params:	<none>
Path params:	<none>
Headers:		Accept=application/json, application/javascript, text/javascript, text/json
				Content-Type=application/json
Cookies:		<none>
Multiparts:		<none>
Body:
{
    "id": 0,
    "userId": 11,
    "date": "2025-08-13",
    "products": [
        
    ]
}
Request method:	POST
Request URI:	https://fakestoreapi.com/carts
Proxy:			<none>
Request params:	<none>
Query params:	<none>
Form params:	<none>
Path params:	<none>
Headers:		Accept=application/json, application/javascript, text/javascript, text/json
				Content-Type=application/json
Cookies:		<none>
Multiparts:		<none>
Body:
{
    "id": 0,
    "userId": 11,
    "date": "2025-08-13",
    "products": [
        
    ]
}
Request method:	POST
Request URI:	https://fakestoreapi.com/carts
Proxy:			<none>
Request params:	<none>
Query params:	<none>
Form params:	<none>
Path params:	<none>
Headers:		Accept=application/json, application/javascript, text/javascript, text/json
				Content-Type=application/json
Cookies:		<none>
Multiparts:		<none>
Body:
{
    "id": 0,
    "userId": 11,
    "date": "2025-08-13",
    "products": [
        
    ]
}
]]></system-out>
  </testcase>
  <testcase name="createValidCart" classname="com.fakeapistoreapi.tests.cart.CreateCartTest" time="1.467">
    <system-out><![CDATA[Request method:	POST
Request URI:	https://fakestoreapi.com/users
Proxy:			<none>
Request params:	<none>
Query params:	<none>
Form params:	<none>
Path params:	<none>
Headers:		Accept=application/json, application/javascript, text/javascript, text/json
				Content-Type=application/json
Cookies:		<none>
Multiparts:		<none>
Body:
{
    "id": 0,
    "email": "john.doe+e696bf77@example.com",
    "username": "johndoe_284f9e0f",
    "password": "Password123",
    "name": {
        "firstname": "John",
        "lastname": "Doe"
    },
    "address": {
        "city": "kilcoole",
        "street": "7835 new road",
        "number": 3,
        "zipcode": "12926-3874",
        "geolocation": {
            "lat": "-37.3159",
            "long": "81.1496"
        }
    },
    "phone": "1-570-236-7033"
}
Request method:	POST
Request URI:	https://fakestoreapi.com/users
Proxy:			<none>
Request params:	<none>
Query params:	<none>
Form params:	<none>
Path params:	<none>
Headers:		Accept=application/json, application/javascript, text/javascript, text/json
				Content-Type=application/json
Cookies:		<none>
Multiparts:		<none>
Body:
{
    "id": 0,
    "email": "john.doe+e696bf77@example.com",
    "username": "johndoe_284f9e0f",
    "password": "Password123",
    "name": {
        "firstname": "John",
        "lastname": "Doe"
    },
    "address": {
        "city": "kilcoole",
        "street": "7835 new road",
        "number": 3,
        "zipcode": "12926-3874",
        "geolocation": {
            "lat": "-37.3159",
            "long": "81.1496"
        }
    },
    "phone": "1-570-236-7033"
}
Request method:	POST
Request URI:	https://fakestoreapi.com/users
Proxy:			<none>
Request params:	<none>
Query params:	<none>
Form params:	<none>
Path params:	<none>
Headers:		Accept=application/json, application/javascript, text/javascript, text/json
				Content-Type=application/json
Cookies:		<none>
Multiparts:		<none>
Body:
{
    "id": 0,
    "email": "john.doe+e696bf77@example.com",
    "username": "johndoe_284f9e0f",
    "password": "Password123",
    "name": {
        "firstname": "John",
        "lastname": "Doe"
    },
    "address": {
        "city": "kilcoole",
        "street": "7835 new road",
        "number": 3,
        "zipcode": "12926-3874",
        "geolocation": {
            "lat": "-37.3159",
            "long": "81.1496"
        }
    },
    "phone": "1-570-236-7033"
}
Request method:	POST
Request URI:	https://fakestoreapi.com/users
Proxy:			<none>
Request params:	<none>
Query params:	<none>
Form params:	<none>
Path params:	<none>
Headers:		Accept=application/json, application/javascript, text/javascript, text/json
				Content-Type=application/json
Cookies:		<none>
Multiparts:		<none>
Body:
{
    "id": 0,
    "email": "john.doe+e696bf77@example.com",
    "username": "johndoe_284f9e0f",
    "password": "Password123",
    "name": {
        "firstname": "John",
        "lastname": "Doe"
    },
    "address": {
        "city": "kilcoole",
        "street": "7835 new road",
        "number": 3,
        "zipcode": "12926-3874",
        "geolocation": {
            "lat": "-37.3159",
            "long": "81.1496"
        }
    },
    "phone": "1-570-236-7033"
}
Request method:	POST
Request URI:	https://fakestoreapi.com/users
Proxy:			<none>
Request params:	<none>
Query params:	<none>
Form params:	<none>
Path params:	<none>
Headers:		Accept=application/json, application/javascript, text/javascript, text/json
				Content-Type=application/json
Cookies:		<none>
Multiparts:		<none>
Body:
{
    "id": 0,
    "email": "john.doe+e696bf77@example.com",
    "username": "johndoe_284f9e0f",
    "password": "Password123",
    "name": {
        "firstname": "John",
        "lastname": "Doe"
    },
    "address": {
        "city": "kilcoole",
        "street": "7835 new road",
        "number": 3,
        "zipcode": "12926-3874",
        "geolocation": {
            "lat": "-37.3159",
            "long": "81.1496"
        }
    },
    "phone": "1-570-236-7033"
}
Request method:	POST
Request URI:	https://fakestoreapi.com/users
Proxy:			<none>
Request params:	<none>
Query params:	<none>
Form params:	<none>
Path params:	<none>
Headers:		Accept=application/json, application/javascript, text/javascript, text/json
				Content-Type=application/json
Cookies:		<none>
Multiparts:		<none>
Body:
{
    "id": 0,
    "email": "john.doe+e696bf77@example.com",
    "username": "johndoe_284f9e0f",
    "password": "Password123",
    "name": {
        "firstname": "John",
        "lastname": "Doe"
    },
    "address": {
        "city": "kilcoole",
        "street": "7835 new road",
        "number": 3,
        "zipcode": "12926-3874",
        "geolocation": {
            "lat": "-37.3159",
            "long": "81.1496"
        }
    },
    "phone": "1-570-236-7033"
}
Request method:	POST
Request URI:	https://fakestoreapi.com/users
Proxy:			<none>
Request params:	<none>
Query params:	<none>
Form params:	<none>
Path params:	<none>
Headers:		Accept=application/json, application/javascript, text/javascript, text/json
				Content-Type=application/json
Cookies:		<none>
Multiparts:		<none>
Body:
{
    "id": 0,
    "email": "john.doe+e696bf77@example.com",
    "username": "johndoe_284f9e0f",
    "password": "Password123",
    "name": {
        "firstname": "John",
        "lastname": "Doe"
    },
    "address": {
        "city": "kilcoole",
        "street": "7835 new road",
        "number": 3,
        "zipcode": "12926-3874",
        "geolocation": {
            "lat": "-37.3159",
            "long": "81.1496"
        }
    },
    "phone": "1-570-236-7033"
}
Request method:	POST
Request URI:	https://fakestoreapi.com/carts
Proxy:			<none>
Request params:	<none>
Query params:	<none>
Form params:	<none>
Path params:	<none>
Headers:		Accept=application/json, application/javascript, text/javascript, text/json
				Content-Type=application/json
Cookies:		<none>
Multiparts:		<none>
Body:
{
    "id": 0,
    "userId": 11,
    "date": "2025-08-13",
    "products": [
        {
            "productId": 1,
            "quantity": 2
        },
        {
            "productId": 2,
            "quantity": 1
        }
    ]
}
Request method:	POST
Request URI:	https://fakestoreapi.com/carts
Proxy:			<none>
Request params:	<none>
Query params:	<none>
Form params:	<none>
Path params:	<none>
Headers:		Accept=application/json, application/javascript, text/javascript, text/json
				Content-Type=application/json
Cookies:		<none>
Multiparts:		<none>
Body:
{
    "id": 0,
    "userId": 11,
    "date": "2025-08-13",
    "products": [
        {
            "productId": 1,
            "quantity": 2
        },
        {
            "productId": 2,
            "quantity": 1
        }
    ]
}
Request method:	POST
Request URI:	https://fakestoreapi.com/carts
Proxy:			<none>
Request params:	<none>
Query params:	<none>
Form params:	<none>
Path params:	<none>
Headers:		Accept=application/json, application/javascript, text/javascript, text/json
				Content-Type=application/json
Cookies:		<none>
Multiparts:		<none>
Body:
{
    "id": 0,
    "userId": 11,
    "date": "2025-08-13",
    "products": [
        {
            "productId": 1,
            "quantity": 2
        },
        {
            "productId": 2,
            "quantity": 1
        }
    ]
}
Request method:	POST
Request URI:	https://fakestoreapi.com/carts
Proxy:			<none>
Request params:	<none>
Query params:	<none>
Form params:	<none>
Path params:	<none>
Headers:		Accept=application/json, application/javascript, text/javascript, text/json
				Content-Type=application/json
Cookies:		<none>
Multiparts:		<none>
Body:
{
    "id": 0,
    "userId": 11,
    "date": "2025-08-13",
    "products": [
        {
            "productId": 1,
            "quantity": 2
        },
        {
            "productId": 2,
            "quantity": 1
        }
    ]
}
Request method:	POST
Request URI:	https://fakestoreapi.com/carts
Proxy:			<none>
Request params:	<none>
Query params:	<none>
Form params:	<none>
Path params:	<none>
Headers:		Accept=application/json, application/javascript, text/javascript, text/json
				Content-Type=application/json
Cookies:		<none>
Multiparts:		<none>
Body:
{
    "id": 0,
    "userId": 11,
    "date": "2025-08-13",
    "products": [
        {
            "productId": 1,
            "quantity": 2
        },
        {
            "productId": 2,
            "quantity": 1
        }
    ]
}
Request method:	POST
Request URI:	https://fakestoreapi.com/carts
Proxy:			<none>
Request params:	<none>
Query params:	<none>
Form params:	<none>
Path params:	<none>
Headers:		Accept=application/json, application/javascript, text/javascript, text/json
				Content-Type=application/json
Cookies:		<none>
Multiparts:		<none>
Body:
{
    "id": 0,
    "userId": 11,
    "date": "2025-08-13",
    "products": [
        {
            "productId": 1,
            "quantity": 2
        },
        {
            "productId": 2,
            "quantity": 1
        }
    ]
}
Request method:	POST
Request URI:	https://fakestoreapi.com/carts
Proxy:			<none>
Request params:	<none>
Query params:	<none>
Form params:	<none>
Path params:	<none>
Headers:		Accept=application/json, application/javascript, text/javascript, text/json
				Content-Type=application/json
Cookies:		<none>
Multiparts:		<none>
Body:
{
    "id": 0,
    "userId": 11,
    "date": "2025-08-13",
    "products": [
        {
            "productId": 1,
            "quantity": 2
        },
        {
            "productId": 2,
            "quantity": 1
        }
    ]
}
]]></system-out>
  </testcase>
</testsuite>